[2025-12-03 08:06:20] [INFO] === Logistics Email Automation Started ===
[2025-12-03 08:06:20] [INFO] Script Version: 1.8.2
[2025-12-03 08:06:20] [INFO] User: JohnO'NeillSr
[2025-12-03 08:06:20] [INFO] Machine: ITSAMURAI
[2025-12-03 08:06:20] [INFO] Loading configuration from: C:\Users\JohnO'NeillSr\OneDrive - AwesomeWildStuff.com\Scripts\Shipping-Management\Templates\Brolyn_Auctions.json
[2025-12-03 08:06:20] [SUCCESS] Using configuration from: C:\Users\JohnO'NeillSr\OneDrive - AwesomeWildStuff.com\Scripts\Shipping-Management\Templates\Brolyn_Auctions.json
[2025-12-03 08:06:20] [INFO] Starting data import process
[2025-12-03 08:06:20] [INFO] Importing CSV data from: C:\Users\JohnO'NeillSr\OneDrive - AwesomeWildStuff.com\JT Custom Trailers\Auctions\Brolyn\Heartland 11-2025\Heartland 19\PurchaseTracking_Brolyn10249.csv
[2025-12-03 08:06:20] [SUCCESS] Successfully imported 13 lots
[2025-12-03 08:06:20] [INFO] Processing lot images (max 3 per lot)
[2025-12-03 08:06:21] [INFO] Including 39 of 122 total images found
[2025-12-03 08:06:21] [INFO] Generating HTML image report
[2025-12-03 08:06:21] [INFO] Generating image report for 13 lots with 39 total images
[2025-12-03 08:06:22] [SUCCESS] Image report generated: C:\Users\JohnO'NeillSr\OneDrive - AwesomeWildStuff.com\JT Custom Trailers\Auctions\Brolyn\Heartland 11-2025\Heartland 19\Logistics\AuctionLots_20251203_080621.html
[2025-12-03 08:06:28] [SUCCESS] PDF created successfully: AuctionLots_20251203_080622.pdf
[2025-12-03 08:06:28] [INFO] Generating HTML email with config data
[2025-12-03 08:06:28] [SUCCESS] HTML email saved to: C:\Users\JohnO'NeillSr\OneDrive - AwesomeWildStuff.com\JT Custom Trailers\Auctions\Brolyn\Heartland 11-2025\Heartland 19\Logistics\LogisticsEmail_20251203_080628.html
[2025-12-03 08:06:28] [INFO] Creating Outlook draft email
[2025-12-03 08:06:28] [DEBUG] Added attachment: AuctionLots_20251203_080622.pdf
[2025-12-03 08:06:30] [SUCCESS] Outlook draft email created successfully
[2025-12-03 08:06:31] [SUCCESS] Processing report exported to: C:\Users\JohnO'NeillSr\OneDrive - AwesomeWildStuff.com\JT Custom Trailers\Auctions\Brolyn\Heartland 11-2025\Heartland 19\Logistics\ProcessingReport_20251203_080631.html
[2025-12-03 08:06:31] [SUCCESS] === Logistics Email Automation Completed Successfully ===
[2025-12-03 08:06:31] [INFO] Output files saved to: C:\Users\JohnO'NeillSr\OneDrive - AwesomeWildStuff.com\JT Custom Trailers\Auctions\Brolyn\Heartland 11-2025\Heartland 19\Logistics
[2025-12-03 08:06:31] [INFO] Script execution completed
[2025-12-03 08:06:31] [INFO] Total execution time: 00:00:10.9695020
