[2025-11-12 12:50:27] [INFO] === Logistics Email Automation Started ===
[2025-11-12 12:50:27] [INFO] Script Version: 1.8.0
[2025-11-12 12:50:27] [INFO] User: JohnO'NeillSr
[2025-11-12 12:50:27] [INFO] Machine: ITSAMURAI
[2025-11-12 12:50:27] [INFO] Loading configuration from: C:\Users\JohnO'NeillSr\OneDrive - AwesomeWildStuff.com\Scripts\Shipping-Management\Templates\Brolyn_Auctions.json
[2025-11-12 12:50:27] [SUCCESS] Using configuration from: C:\Users\JohnO'NeillSr\OneDrive - AwesomeWildStuff.com\Scripts\Shipping-Management\Templates\Brolyn_Auctions.json
[2025-11-12 12:50:27] [INFO] Starting data import process
[2025-11-12 12:50:27] [INFO] Importing CSV data from: C:\Users\JohnO'NeillSr\OneDrive - AwesomeWildStuff.com\JT Custom Trailers\Auctions\Brolyn\DRV Luxury Suites RV 11-2025\PurchaseTracking_brolyn10248.csv
[2025-11-12 12:50:27] [SUCCESS] Successfully imported 6 lots
[2025-11-12 12:50:27] [INFO] Processing lot images (max 3 per lot)
[2025-11-12 12:50:27] [INFO] Including 18 of 35 total images found
[2025-11-12 12:50:27] [INFO] Generating HTML image report
[2025-11-12 12:50:27] [INFO] Generating image report for 6 lots with 18 total images
[2025-11-12 12:50:27] [SUCCESS] Image report generated: C:\Users\JohnO'NeillSr\OneDrive - AwesomeWildStuff.com\JT Custom Trailers\Auctions\Brolyn\DRV Luxury Suites RV 11-2025\Logistics\AuctionLots_20251112_125027.html
[2025-11-12 12:50:31] [SUCCESS] PDF created successfully: AuctionLots_20251112_125027.pdf
[2025-11-12 12:50:31] [INFO] Generating HTML email with config data
[2025-11-12 12:50:31] [SUCCESS] HTML email saved to: C:\Users\JohnO'NeillSr\OneDrive - AwesomeWildStuff.com\JT Custom Trailers\Auctions\Brolyn\DRV Luxury Suites RV 11-2025\Logistics\LogisticsEmail_20251112_125031.html
[2025-11-12 12:50:31] [INFO] Creating Outlook draft email
[2025-11-12 12:50:31] [DEBUG] Added attachment: AuctionLots_20251112_125027.pdf
[2025-11-12 12:50:32] [SUCCESS] Outlook draft email created successfully
[2025-11-12 12:50:32] [SUCCESS] Processing report exported to: C:\Users\JohnO'NeillSr\OneDrive - AwesomeWildStuff.com\JT Custom Trailers\Auctions\Brolyn\DRV Luxury Suites RV 11-2025\Logistics\ProcessingReport_20251112_125032.html
[2025-11-12 12:50:32] [SUCCESS] === Logistics Email Automation Completed Successfully ===
[2025-11-12 12:50:32] [INFO] Output files saved to: C:\Users\JohnO'NeillSr\OneDrive - AwesomeWildStuff.com\JT Custom Trailers\Auctions\Brolyn\DRV Luxury Suites RV 11-2025\Logistics
[2025-11-12 12:50:32] [INFO] Script execution completed
[2025-11-12 12:50:32] [INFO] Total execution time: 00:00:05.4767477
