[2025-10-24 13:27:57] [INFO] === Logistics Email Automation Started ===
[2025-10-24 13:27:57] [INFO] Script Version: 1.5.5
[2025-10-24 13:27:57] [INFO] User: JohnO'NeillSr
[2025-10-24 13:27:57] [INFO] Machine: ITSAMURAI
[2025-10-24 13:27:57] [INFO] PDF Helper Available: True
[2025-10-24 13:27:57] [INFO] Starting data import process
[2025-10-24 13:27:57] [INFO] Importing CSV data from: C:\Users\JohnO'NeillSr\OneDrive - AwesomeWildStuff.com\JT Custom Trailers\Auctions\Party City Auction 10-2025\PurchaseTracking_dc-auc10026.csv
[2025-10-24 13:27:57] [SUCCESS] Successfully imported 24 lots
[2025-10-24 13:27:57] [INFO] Processing lot images (max 3 per lot)
[2025-10-24 13:27:57] [DEBUG] Lot 113: Found 7 images, including 3 (max: 3)
[2025-10-24 13:27:57] [DEBUG]   Selected: 113.jpg, 113-2.jpg, 113-3.jpg
[2025-10-24 13:27:57] [INFO] Lot 113 has 7 images, selected: Primary, Image2, Image3
[2025-10-24 13:27:57] [DEBUG] Lot 434: Found 7 images, including 3 (max: 3)
[2025-10-24 13:27:57] [DEBUG]   Selected: 434.jpg, 434-2.jpg, 434-3.jpg
[2025-10-24 13:27:57] [INFO] Lot 434 has 7 images, selected: Primary, Image2, Image3
[2025-10-24 13:27:57] [DEBUG] Lot 448: Found 4 images, including 3 (max: 3)
[2025-10-24 13:27:57] [DEBUG]   Selected: 448.jpg, 448-2.jpg, 448-3.jpg
[2025-10-24 13:27:57] [INFO] Lot 448 has 4 images, selected: Primary, Image2, Image3
[2025-10-24 13:27:57] [DEBUG] Lot 449A: Found 3 images, including 3 (max: 3)
[2025-10-24 13:27:57] [DEBUG]   Selected: 449A.jpg, 449A-2.jpg, 449A-3.jpg
[2025-10-24 13:27:57] [DEBUG] Lot 450: Found 3 images, including 3 (max: 3)
[2025-10-24 13:27:57] [DEBUG]   Selected: 450.jpg, 450-2.jpg, 450-5.jpg
[2025-10-24 13:27:57] [DEBUG] Lot 463: Found 7 images, including 3 (max: 3)
[2025-10-24 13:27:57] [DEBUG]   Selected: 463.jpg, 463-2.jpg, 463-3.jpg
[2025-10-24 13:27:57] [INFO] Lot 463 has 7 images, selected: Primary, Image2, Image3
[2025-10-24 13:27:57] [DEBUG] Lot 491: Found 1 images, including 1 (max: 3)
[2025-10-24 13:27:57] [DEBUG]   Selected: 491.jpg
[2025-10-24 13:27:57] [DEBUG] Lot 492: Found 4 images, including 3 (max: 3)
[2025-10-24 13:27:57] [DEBUG]   Selected: 492.jpg, 492-2.jpg, 492-3.jpg
[2025-10-24 13:27:58] [INFO] Lot 492 has 4 images, selected: Primary, Image2, Image3
[2025-10-24 13:27:58] [DEBUG] Lot 494: Found 3 images, including 3 (max: 3)
[2025-10-24 13:27:58] [DEBUG]   Selected: 494.jpg, 494-2.jpg, 494-3.jpg
[2025-10-24 13:27:58] [DEBUG] Lot 505: Found 8 images, including 3 (max: 3)
[2025-10-24 13:27:58] [DEBUG]   Selected: 505.jpg, 505-2.jpg, 505-3.jpg
[2025-10-24 13:27:58] [INFO] Lot 505 has 8 images, selected: Primary, Image2, Image3
[2025-10-24 13:27:58] [DEBUG] Lot 509: Found 5 images, including 3 (max: 3)
[2025-10-24 13:27:58] [DEBUG]   Selected: 509.jpg, 509-2.jpg, 509-3.jpg
[2025-10-24 13:27:58] [INFO] Lot 509 has 5 images, selected: Primary, Image2, Image3
[2025-10-24 13:27:58] [WARNING] No images found for Lot 
[2025-10-24 13:27:58] [WARNING] No images found for Lot 
[2025-10-24 13:27:58] [WARNING] No images found for Lot 
[2025-10-24 13:27:58] [WARNING] No images found for Lot 
[2025-10-24 13:27:58] [WARNING] No images found for Lot 
[2025-10-24 13:27:58] [WARNING] No images found for Lot 
[2025-10-24 13:27:58] [WARNING] No images found for Lot 
[2025-10-24 13:27:58] [WARNING] No images found for Lot 
[2025-10-24 13:27:58] [WARNING] No images found for Lot 
[2025-10-24 13:27:58] [WARNING] No images found for Lot 
[2025-10-24 13:27:58] [WARNING] No images found for Lot 
[2025-10-24 13:27:58] [WARNING] No images found for Lot 
[2025-10-24 13:27:58] [WARNING] No images found for Lot 
[2025-10-24 13:27:58] [INFO] Including 31 of 52 total images found
[2025-10-24 13:27:58] [INFO] Generating HTML image report
[2025-10-24 13:27:58] [INFO] Generating image report for 11 lots with 31 total images
[2025-10-24 13:27:59] [SUCCESS] Image report generated successfully: C:\Users\JohnO'NeillSr\OneDrive - AwesomeWildStuff.com\JT Custom Trailers\Auctions\Party City Auction 10-2025\Logistics\AuctionLots_20251024_132758.html
[2025-10-24 13:27:59] [INFO]   Lots: 11
[2025-10-24 13:27:59] [INFO]   Images: 31
[2025-10-24 13:28:00] [INFO] Attempting automatic PDF conversion...
[2025-10-24 13:28:32] [SUCCESS] PDF created successfully: AuctionLots_20251024_132800.pdf
[2025-10-24 13:28:32] [INFO] Generating HTML email with config data
[2025-10-24 13:28:32] [INFO] Generating HTML email for 24 lots
[2025-10-24 13:28:32] [SUCCESS] HTML email generated successfully
[2025-10-24 13:28:32] [SUCCESS] HTML email saved to: C:\Users\JohnO'NeillSr\OneDrive - AwesomeWildStuff.com\JT Custom Trailers\Auctions\Party City Auction 10-2025\Logistics\LogisticsEmail_20251024_132832.html
[2025-10-24 13:28:32] [INFO] Outlook draft creation skipped (use -CreateOutlookDraft to enable)
[2025-10-24 13:28:32] [INFO] Opening HTML in default browser
[2025-10-24 13:28:33] [SUCCESS] Processing report exported to: C:\Users\JohnO'NeillSr\OneDrive - AwesomeWildStuff.com\JT Custom Trailers\Auctions\Party City Auction 10-2025\Logistics\ProcessingReport_20251024_132833.html
[2025-10-24 13:28:33] [SUCCESS] === Logistics Email Automation Completed Successfully ===
[2025-10-24 13:28:33] [INFO] Output files saved to: C:\Users\JohnO'NeillSr\OneDrive - AwesomeWildStuff.com\JT Custom Trailers\Auctions\Party City Auction 10-2025\Logistics
[2025-10-24 13:28:33] [INFO] Script execution completed
[2025-10-24 13:28:33] [INFO] Total execution time: 00:00:35.9772147
