[2025-10-21 12:08:40] [INFO] === Logistics Email Automation Started ===
[2025-10-21 12:08:40] [INFO] Script Version: 1.5.5
[2025-10-21 12:08:40] [INFO] User: JohnO'NeillSr
[2025-10-21 12:08:40] [INFO] Machine: ITSAMURAI
[2025-10-21 12:08:40] [INFO] PDF Helper Available: True
[2025-10-21 12:08:41] [INFO] Created output directory: C:\Users\JohnO'NeillSr\OneDrive - AwesomeWildStuff.com\JT Custom Trailers\Auctions\Olson and Sons\Logistics
[2025-10-21 12:08:41] [INFO] Starting data import process
[2025-10-21 12:08:41] [INFO] Importing CSV data from: C:\Users\JohnO'NeillSr\OneDrive - AwesomeWildStuff.com\JT Custom Trailers\Auctions\Olson and Sons\PurchaseTracking.csv
[2025-10-21 12:08:41] [SUCCESS] Successfully imported 13 lots
[2025-10-21 12:08:41] [INFO] Processing lot images (max 3 per lot)
[2025-10-21 12:08:41] [DEBUG] Lot 61: Found 3 images, including 3 (max: 3)
[2025-10-21 12:08:41] [DEBUG]   Selected: 61.jpg, 61-2.jpg, 61-3.jpg
[2025-10-21 12:08:41] [DEBUG] Lot 67: Found 5 images, including 3 (max: 3)
[2025-10-21 12:08:41] [DEBUG]   Selected: 67.jpg, 67-2.jpg, 67-3.jpg
[2025-10-21 12:08:41] [INFO] Lot 67 has 5 images, selected: Primary, Image2, Image3
[2025-10-21 12:08:41] [DEBUG] Lot 68: Found 5 images, including 3 (max: 3)
[2025-10-21 12:08:41] [DEBUG]   Selected: 68.jpg, 68-2.jpg, 68-3.jpg
[2025-10-21 12:08:41] [INFO] Lot 68 has 5 images, selected: Primary, Image2, Image3
[2025-10-21 12:08:41] [DEBUG] Lot 69: Found 3 images, including 3 (max: 3)
[2025-10-21 12:08:41] [DEBUG]   Selected: 69.jpg, 69-2.jpg, 69-3.jpg
[2025-10-21 12:08:41] [DEBUG] Lot 70: Found 3 images, including 3 (max: 3)
[2025-10-21 12:08:41] [DEBUG]   Selected: 70.jpg, 70-2.jpg, 70-3.jpg
[2025-10-21 12:08:41] [DEBUG] Lot 113: Found 4 images, including 3 (max: 3)
[2025-10-21 12:08:41] [DEBUG]   Selected: 113.jpg, 113-2.jpg, 113-3.jpg
[2025-10-21 12:08:41] [INFO] Lot 113 has 4 images, selected: Primary, Image2, Image3
[2025-10-21 12:08:42] [DEBUG] Lot 117: Found 1 images, including 1 (max: 3)
[2025-10-21 12:08:42] [DEBUG]   Selected: 117.jpg
[2025-10-21 12:08:42] [DEBUG] Lot 119: Found 3 images, including 3 (max: 3)
[2025-10-21 12:08:42] [DEBUG]   Selected: 119.jpg, 119-2.jpg, 119-3.jpg
[2025-10-21 12:08:42] [DEBUG] Lot 169: Found 2 images, including 2 (max: 3)
[2025-10-21 12:08:42] [DEBUG]   Selected: 169.jpg, 169-2.jpg
[2025-10-21 12:08:42] [DEBUG] Lot 252: Found 7 images, including 3 (max: 3)
[2025-10-21 12:08:42] [DEBUG]   Selected: 252.jpg, 252-2.jpg, 252-3.jpg
[2025-10-21 12:08:42] [INFO] Lot 252 has 7 images, selected: Primary, Image2, Image3
[2025-10-21 12:08:42] [DEBUG] Lot 257A: Found 5 images, including 3 (max: 3)
[2025-10-21 12:08:42] [DEBUG]   Selected: 257A.jpg, 257A-2.jpg, 257A-3.jpg
[2025-10-21 12:08:42] [INFO] Lot 257A has 5 images, selected: Primary, Image2, Image3
[2025-10-21 12:08:42] [DEBUG] Lot 320: Found 5 images, including 3 (max: 3)
[2025-10-21 12:08:42] [DEBUG]   Selected: 320.jpg, 320-2.jpg, 320-3.jpg
[2025-10-21 12:08:42] [INFO] Lot 320 has 5 images, selected: Primary, Image2, Image3
[2025-10-21 12:08:43] [DEBUG] Lot 413: Found 6 images, including 3 (max: 3)
[2025-10-21 12:08:43] [DEBUG]   Selected: 413.jpg, 413-2.jpg, 413-3.jpg
[2025-10-21 12:08:43] [INFO] Lot 413 has 6 images, selected: Primary, Image2, Image3
[2025-10-21 12:08:43] [INFO] Including 36 of 52 total images found
[2025-10-21 12:08:43] [INFO] Generating HTML image report
[2025-10-21 12:08:43] [INFO] Generating image report for 13 lots with 36 total images
[2025-10-21 12:08:43] [SUCCESS] Image report generated successfully: C:\Users\JohnO'NeillSr\OneDrive - AwesomeWildStuff.com\JT Custom Trailers\Auctions\Olson and Sons\Logistics\AuctionLots_20251021_120843.html
[2025-10-21 12:08:43] [INFO]   Lots: 13
[2025-10-21 12:08:43] [INFO]   Images: 36
[2025-10-21 12:08:44] [INFO] Attempting automatic PDF conversion...
[2025-10-21 12:09:21] [SUCCESS] PDF created successfully: AuctionLots_20251021_120844.pdf
[2025-10-21 12:09:21] [INFO] Generating HTML email with config data
[2025-10-21 12:09:21] [INFO] Generating HTML email for 13 lots
[2025-10-21 12:09:21] [SUCCESS] HTML email generated successfully
[2025-10-21 12:09:21] [SUCCESS] HTML email saved to: C:\Users\JohnO'NeillSr\OneDrive - AwesomeWildStuff.com\JT Custom Trailers\Auctions\Olson and Sons\Logistics\LogisticsEmail_20251021_120921.html
[2025-10-21 12:09:21] [INFO] Outlook draft creation skipped (use -CreateOutlookDraft to enable)
[2025-10-21 12:09:21] [INFO] Opening HTML in default browser
[2025-10-21 12:09:22] [SUCCESS] Processing report exported to: C:\Users\JohnO'NeillSr\OneDrive - AwesomeWildStuff.com\JT Custom Trailers\Auctions\Olson and Sons\Logistics\ProcessingReport_20251021_120921.html
[2025-10-21 12:09:22] [SUCCESS] === Logistics Email Automation Completed Successfully ===
[2025-10-21 12:09:22] [INFO] Output files saved to: C:\Users\JohnO'NeillSr\OneDrive - AwesomeWildStuff.com\JT Custom Trailers\Auctions\Olson and Sons\Logistics
[2025-10-21 12:09:22] [INFO] Script execution completed
[2025-10-21 12:09:22] [INFO] Total execution time: 00:00:41.4046017
