[2025-10-07 14:13:52] [INFO] === Logistics Email Automation Started ===
[2025-10-07 14:13:52] [INFO] Script Version: 1.0.0
[2025-10-07 14:13:52] [INFO] User: JohnO'NeillSr
[2025-10-07 14:13:52] [INFO] Machine: ITSAMURAI
[2025-10-07 14:13:52] [INFO] Starting data import process
[2025-10-07 14:13:52] [INFO] Importing CSV data from: C:\Users\JohnO'NeillSr\OneDrive - AwesomeWildStuff.com\Scripts\Shipping-Management\purchasetracking_test_Heartland_901_20251007_141059.csv
[2025-10-07 14:13:52] [SUCCESS] Successfully imported 8 lots
[2025-10-07 14:13:52] [INFO] Processing lot images
[2025-10-07 14:13:52] [DEBUG] Found image for Lot 2030: C:\Users\JohnO'NeillSr\OneDrive - AwesomeWildStuff.com\JT Custom Trailers\Auctions\Heartland Auction 10-2025\Heartland 901\Images\2030.jpg
[2025-10-07 14:13:52] [DEBUG] Found image for Lot 2031: C:\Users\JohnO'NeillSr\OneDrive - AwesomeWildStuff.com\JT Custom Trailers\Auctions\Heartland Auction 10-2025\Heartland 901\Images\2031.jpg
[2025-10-07 14:13:52] [DEBUG] Found image for Lot 2050: C:\Users\JohnO'NeillSr\OneDrive - AwesomeWildStuff.com\JT Custom Trailers\Auctions\Heartland Auction 10-2025\Heartland 901\Images\2050.jpg
[2025-10-07 14:13:52] [DEBUG] Found image for Lot 2056: C:\Users\JohnO'NeillSr\OneDrive - AwesomeWildStuff.com\JT Custom Trailers\Auctions\Heartland Auction 10-2025\Heartland 901\Images\2056.jpg
[2025-10-07 14:13:52] [DEBUG] Found image for Lot 2057: C:\Users\JohnO'NeillSr\OneDrive - AwesomeWildStuff.com\JT Custom Trailers\Auctions\Heartland Auction 10-2025\Heartland 901\Images\2057.jpg
[2025-10-07 14:13:52] [DEBUG] Found image for Lot 2351: C:\Users\JohnO'NeillSr\OneDrive - AwesomeWildStuff.com\JT Custom Trailers\Auctions\Heartland Auction 10-2025\Heartland 901\Images\2351.jpg
[2025-10-07 14:13:52] [DEBUG] Found image for Lot 3012: C:\Users\JohnO'NeillSr\OneDrive - AwesomeWildStuff.com\JT Custom Trailers\Auctions\Heartland Auction 10-2025\Heartland 901\Images\3012.jpg
[2025-10-07 14:13:52] [DEBUG] Found image for Lot 3037: C:\Users\JohnO'NeillSr\OneDrive - AwesomeWildStuff.com\JT Custom Trailers\Auctions\Heartland Auction 10-2025\Heartland 901\Images\3037.jpg
[2025-10-07 14:13:52] [INFO] Generating PDF with 8 images
[2025-10-07 14:13:52] [INFO] Generating PDF for 8 lots
[2025-10-07 14:13:52] [ERROR] Failed to generate PDF: A parameter cannot be found that matches parameter name 'FontSize'.
[2025-10-07 14:13:52] [ERROR] Fatal error: A parameter cannot be found that matches parameter name 'FontSize'.
[2025-10-07 14:13:52] [ERROR] Stack Trace: at <ScriptBlock>, C:\Users\JohnO'NeillSr\OneDrive - AwesomeWildStuff.com\Scripts\Shipping-Management\Generate-LogisticsEmail.ps1: line 272
at New-PDFPage, C:\Users\JohnO'NeillSr\OneDrive - AwesomeWildStuff.com\Documents\PowerShell\Modules\PSWritePDF\0.0.20\PSWritePDF.psm1: line 2529
at <ScriptBlock>, C:\Users\JohnO'NeillSr\OneDrive - AwesomeWildStuff.com\Scripts\Shipping-Management\Generate-LogisticsEmail.ps1: line 271
at New-PDF, C:\Users\JohnO'NeillSr\OneDrive - AwesomeWildStuff.com\Documents\PowerShell\Modules\PSWritePDF\0.0.20\PSWritePDF.psm1: line 2202
at New-LotPDF, C:\Users\JohnO'NeillSr\OneDrive - AwesomeWildStuff.com\Scripts\Shipping-Management\Generate-LogisticsEmail.ps1: line 270
at <ScriptBlock>, C:\Users\JohnO'NeillSr\OneDrive - AwesomeWildStuff.com\Scripts\Shipping-Management\Generate-LogisticsEmail.ps1: line 738
at <ScriptBlock>, <No file>: line 1
[2025-10-07 14:13:52] [INFO] Script execution completed
[2025-10-07 14:13:52] [INFO] Total execution time: 00:00:00.6980763
