[2025-10-21 12:02:16] [INFO] === Logistics Email Automation Started ===
[2025-10-21 12:02:16] [INFO] Script Version: 1.5.5
[2025-10-21 12:02:16] [INFO] User: JohnO'NeillSr
[2025-10-21 12:02:16] [INFO] Machine: ITSAMURAI
[2025-10-21 12:02:16] [INFO] PDF Helper Available: True
[2025-10-21 12:02:16] [INFO] Created output directory: C:\Users\JohnO'NeillSr\OneDrive - AwesomeWildStuff.com\JT Custom Trailers\Auctions\Olson and Sons\Logistics
[2025-10-21 12:02:16] [INFO] Starting data import process
[2025-10-21 12:02:16] [INFO] Importing CSV data from: C:\Users\JohnO'NeillSr\OneDrive - AwesomeWildStuff.com\JT Custom Trailers\Auctions\Olson and Sons\PurchaseTracking.csv
[2025-10-21 12:02:16] [SUCCESS] Successfully imported 16 lots
[2025-10-21 12:02:16] [INFO] Processing lot images (max 3 per lot)
[2025-10-21 12:02:16] [DEBUG] Lot 61: Found 3 images, including 3 (max: 3)
[2025-10-21 12:02:17] [DEBUG]   Selected: 61.jpg, 61-2.jpg, 61-3.jpg
[2025-10-21 12:02:17] [DEBUG] Lot 67: Found 5 images, including 3 (max: 3)
[2025-10-21 12:02:17] [DEBUG]   Selected: 67.jpg, 67-2.jpg, 67-3.jpg
[2025-10-21 12:02:17] [INFO] Lot 67 has 5 images, selected: Primary, Image2, Image3
[2025-10-21 12:02:17] [DEBUG] Lot 68: Found 5 images, including 3 (max: 3)
[2025-10-21 12:02:17] [DEBUG]   Selected: 68.jpg, 68-2.jpg, 68-3.jpg
[2025-10-21 12:02:17] [INFO] Lot 68 has 5 images, selected: Primary, Image2, Image3
[2025-10-21 12:02:17] [DEBUG] Lot 69: Found 3 images, including 3 (max: 3)
[2025-10-21 12:02:17] [DEBUG]   Selected: 69.jpg, 69-2.jpg, 69-3.jpg
[2025-10-21 12:02:17] [DEBUG] Lot 70: Found 3 images, including 3 (max: 3)
[2025-10-21 12:02:17] [DEBUG]   Selected: 70.jpg, 70-2.jpg, 70-3.jpg
[2025-10-21 12:02:17] [DEBUG] Lot 113: Found 4 images, including 3 (max: 3)
[2025-10-21 12:02:17] [DEBUG]   Selected: 113.jpg, 113-2.jpg, 113-3.jpg
[2025-10-21 12:02:17] [INFO] Lot 113 has 4 images, selected: Primary, Image2, Image3
[2025-10-21 12:02:17] [DEBUG] Lot 117: Found 1 images, including 1 (max: 3)
[2025-10-21 12:02:17] [DEBUG]   Selected: 117.jpg
[2025-10-21 12:02:17] [DEBUG] Lot 119: Found 3 images, including 3 (max: 3)
[2025-10-21 12:02:17] [DEBUG]   Selected: 119.jpg, 119-2.jpg, 119-3.jpg
[2025-10-21 12:02:17] [DEBUG] Lot 169: Found 2 images, including 2 (max: 3)
[2025-10-21 12:02:17] [DEBUG]   Selected: 169.jpg, 169-2.jpg
[2025-10-21 12:02:17] [DEBUG] Lot 251: Found 10 images, including 3 (max: 3)
[2025-10-21 12:02:17] [DEBUG]   Selected: 251.jpg, 251-2.jpg, 251-3.jpg
[2025-10-21 12:02:17] [INFO] Lot 251 has 10 images, selected: Primary, Image2, Image3
[2025-10-21 12:02:17] [DEBUG] Lot 252: Found 7 images, including 3 (max: 3)
[2025-10-21 12:02:17] [DEBUG]   Selected: 252.jpg, 252-2.jpg, 252-3.jpg
[2025-10-21 12:02:17] [INFO] Lot 252 has 7 images, selected: Primary, Image2, Image3
[2025-10-21 12:02:18] [DEBUG] Lot 253: Found 1 images, including 1 (max: 3)
[2025-10-21 12:02:18] [DEBUG]   Selected: 253.jpg
[2025-10-21 12:02:18] [DEBUG] Lot 257A: Found 5 images, including 3 (max: 3)
[2025-10-21 12:02:18] [DEBUG]   Selected: 257A.jpg, 257A-2.jpg, 257A-3.jpg
[2025-10-21 12:02:18] [INFO] Lot 257A has 5 images, selected: Primary, Image2, Image3
[2025-10-21 12:02:18] [DEBUG] Lot 263: Found 5 images, including 3 (max: 3)
[2025-10-21 12:02:18] [DEBUG]   Selected: 263.jpg, 263-2.jpg, 263-3.jpg
[2025-10-21 12:02:18] [INFO] Lot 263 has 5 images, selected: Primary, Image2, Image3
[2025-10-21 12:02:18] [DEBUG] Lot 320: Found 5 images, including 3 (max: 3)
[2025-10-21 12:02:18] [DEBUG]   Selected: 320.jpg, 320-2.jpg, 320-3.jpg
[2025-10-21 12:02:18] [INFO] Lot 320 has 5 images, selected: Primary, Image2, Image3
[2025-10-21 12:02:18] [DEBUG] Lot 413: Found 6 images, including 3 (max: 3)
[2025-10-21 12:02:18] [DEBUG]   Selected: 413.jpg, 413-2.jpg, 413-3.jpg
[2025-10-21 12:02:18] [INFO] Lot 413 has 6 images, selected: Primary, Image2, Image3
[2025-10-21 12:02:18] [INFO] Including 43 of 68 total images found
[2025-10-21 12:02:18] [INFO] Generating HTML image report
[2025-10-21 12:02:19] [INFO] Generating image report for 16 lots with 43 total images
[2025-10-21 12:02:20] [SUCCESS] Image report generated successfully: C:\Users\JohnO'NeillSr\OneDrive - AwesomeWildStuff.com\JT Custom Trailers\Auctions\Olson and Sons\Logistics\AuctionLots_20251021_120219.html
[2025-10-21 12:02:20] [INFO]   Lots: 16
[2025-10-21 12:02:20] [INFO]   Images: 43
[2025-10-21 12:02:21] [INFO] Attempting automatic PDF conversion...
[2025-10-21 12:02:57] [SUCCESS] PDF created successfully: AuctionLots_20251021_120221.pdf
[2025-10-21 12:02:58] [INFO] Generating HTML email with config data
[2025-10-21 12:02:58] [INFO] Generating HTML email for 16 lots
[2025-10-21 12:02:58] [SUCCESS] HTML email generated successfully
[2025-10-21 12:02:58] [SUCCESS] HTML email saved to: C:\Users\JohnO'NeillSr\OneDrive - AwesomeWildStuff.com\JT Custom Trailers\Auctions\Olson and Sons\Logistics\LogisticsEmail_20251021_120258.html
[2025-10-21 12:02:58] [INFO] Outlook draft creation skipped (use -CreateOutlookDraft to enable)
[2025-10-21 12:02:58] [INFO] Opening HTML in default browser
[2025-10-21 12:02:58] [SUCCESS] Processing report exported to: C:\Users\JohnO'NeillSr\OneDrive - AwesomeWildStuff.com\JT Custom Trailers\Auctions\Olson and Sons\Logistics\ProcessingReport_20251021_120258.html
[2025-10-21 12:02:58] [SUCCESS] === Logistics Email Automation Completed Successfully ===
[2025-10-21 12:02:58] [INFO] Output files saved to: C:\Users\JohnO'NeillSr\OneDrive - AwesomeWildStuff.com\JT Custom Trailers\Auctions\Olson and Sons\Logistics
[2025-10-21 12:02:58] [INFO] Script execution completed
[2025-10-21 12:02:58] [INFO] Total execution time: 00:00:41.8404217
